(0000) 3000  0011000000000000 (   1)                 .ORIG x3000
(3000) 2423  0010010000100011 (   3)                 LD    R2 PH
(3001) 0425  0000010000100101 (   4)                 BRZ   FINISH
(3002) 6080  0110000010000000 (   5)                 LDR   R0 R2 #0
(3003) 2621  0010011000100001 (   6)                 LD    R3 MH
(3004) 0422  0000010000100010 (   7)                 BRZ   FINISH
(3005) 62C0  0110001011000000 (   8)                 LDR   R1 R3 #0
(3006) 2C1F  0010110000011111 (   9)                 LD    R6 PMH
(3007) 6801  0110100000000001 (  11) LOOP            LDR   R4 R0 #1
(3008) 6A41  0110101001000001 (  12)                 LDR   R5 R1 #1
(3009) 9B7F  1001101101111111 (  13)                 NOT   R5 R5
(300A) 1B61  0001101101100001 (  14)                 ADD   R5 R5 #1
(300B) 1F44  0001111101000100 (  15)                 ADD   R7 R5 R4
(300C) 0405  0000010000000101 (  16)                 BRZ   SAME
(300D) 0811  0000100000010001 (  17)                 BRN   LESS
(300E) 66C0  0110011011000000 (  19)                 LDR   R3 R3 #0
(300F) 6240  0110001001000000 (  20)                 LDR   R1 R1 #0
(3010) 0416  0000010000010110 (  21)                 BRZ   FINISH
(3011) 0FF5  0000111111110101 (  22)                 BRNZP LOOP
(3012) 7180  0111000110000000 (  24) SAME            STR   R0 R6 #0
(3013) 1C20  0001110000100000 (  25)                 ADD   R6 R0 #0
(3014) 6000  0110000000000000 (  27)                 LDR   R0 R0 #0
(3015) 7080  0111000010000000 (  28)                 STR   R0 R2 #0
(3016) 6240  0110001001000000 (  30)                 LDR   R1 R1 #0
(3017) 72C0  0111001011000000 (  31)                 STR   R1 R3 #0
(3018) 5FE0  0101111111100000 (  33)                 AND   R7 R7 #0
(3019) 7F80  0111111110000000 (  34)                 STR   R7 R6 #0
(301A) 1020  0001000000100000 (  36)                 ADD   R0 R0 #0
(301B) 040B  0000010000001011 (  37)                 BRZ   FINISH
(301C) 1260  0001001001100000 (  38)                 ADD   R1 R1 #0
(301D) 0409  0000010000001001 (  39)                 BRZ   FINISH
(301E) 0FE8  0000111111101000 (  40)                 BRNZP LOOP
(301F) 6480  0110010010000000 (  42) LESS            LDR   R2 R2 #0
(3020) 6000  0110000000000000 (  43)                 LDR   R0 R0 #0
(3021) 1020  0001000000100000 (  45)                 ADD   R0 R0 #0
(3022) 0404  0000010000000100 (  46)                 BRZ   FINISH
(3023) 0FE3  0000111111100011 (  47)                 BRNZP LOOP
(3024) 4000  0100000000000000 (  52) PH              .FILL x4000
(3025) 4001  0100000000000001 (  53) MH              .FILL x4001
(3026) 4002  0100000000000010 (  54) PMH             .FILL x4002
(3027) F025  1111000000100101 (  56) FINISH          TRAP  x25
