(0000) 1500  0001010100000000 (   1)                 .ORIG x1500
(1500) 302C  0011000000101100 (   2)                 ST    R0 SAVER0
(1501) 322C  0011001000101100 (   3)                 ST    R1 SAVER1
(1502) 342C  0011010000101100 (   4)                 ST    R2 SAVER2
(1503) 3E2C  0011111000101100 (   5)                 ST    R7 SAVER7
(1504) 2021  0010000000100001 (   6) CHECK           LD    R0 KBSR
(1505) 07FE  0000011111111110 (   7)                 BRZP  CHECK
(1506) A020  1010000000100000 (   8)                 LDI   R0 KBDR
(1507) 2223  0010001000100011 (   9)                 LD    R1 ZERO
(1508) 927F  1001001001111111 (  10)                 NOT   R1 R1
(1509) 1261  0001001001100001 (  11)                 ADD   R1 R1 #1
(150A) 1201  0001001000000001 (  12)                 ADD   R1 R0 R1
(150B) 0807  0000100000000111 (  13)                 BRN   NOTNUM
(150C) 221F  0010001000011111 (  14)                 LD    R1 NINE
(150D) 927F  1001001001111111 (  15)                 NOT   R1 R1
(150E) 1261  0001001001100001 (  16)                 ADD   R1 R1 #1
(150F) 1201  0001001000000001 (  17)                 ADD   R1 R0 R1
(1510) 0202  0000001000000010 (  18)                 BRP   NOTNUM
(1511) E01F  1110000000011111 (  19)                 LEA   R0 S1
(1512) 0E01  0000111000000001 (  20)                 BRNZP PUTSTR
(1513) E035  1110000000110101 (  21) NOTNUM          LEA   R0 S2
(1514) 6200  0110001000000000 (  23) PUTSTR          LDR   R1 R0 #0
(1515) 0403  0000010000000011 (  24)                 BRZ   FINISH
(1516) 1021  0001000000100001 (  25)                 ADD   R0 R0 #1
(1517) 4809  0100100000001001 (  26)                 JSR   PUTCHR
(1518) 0FFB  0000111111111011 (  27)                 BRNZP PUTSTR
(1519) 2210  0010001000010000 (  30) FINISH          LD    R1 NEWLINE
(151A) 4806  0100100000000110 (  31)                 JSR   PUTCHR
(151B) 4805  0100100000000101 (  32)                 JSR   PUTCHR
(151C) 2010  0010000000010000 (  33)                 LD    R0 SAVER0
(151D) 2210  0010001000010000 (  34)                 LD    R1 SAVER1
(151E) 2410  0010010000010000 (  35)                 LD    R2 SAVER2
(151F) 2E10  0010111000010000 (  36)                 LD    R7 SAVER7
(1520) 8000  1000000000000000 (  37)                 RTI   
(1521) 2406  0010010000000110 (  40) PUTCHR          LD    R2 DSR
(1522) 07FE  0000011111111110 (  41)                 BRZP  PUTCHR
(1523) 2405  0010010000000101 (  42)                 LD    R2 DDR
(1524) 7280  0111001010000000 (  43)                 STR   R1 R2 #0
(1525) C1C0  1100000111000000 (  44)                 RET   
(1526) FE00  1111111000000000 (  49) KBSR            .FILL xFE00
(1527) FE02  1111111000000010 (  50) KBDR            .FILL xFE02
(1528) FE04  1111111000000100 (  51) DSR             .FILL xFE04
(1529) FE06  1111111000000110 (  52) DDR             .FILL xFE06
(152A) 000A  0000000000001010 (  53) NEWLINE         .FILL x000A
(152B) 0030  0000000000110000 (  54) ZERO            .FILL x0030
(152C) 0039  0000000000111001 (  55) NINE            .FILL x0039
(152D) 0000  0000000000000000 (  57) SAVER0          .FILL x0000
(152E) 0000  0000000000000000 (  58) SAVER1          .FILL x0000
(152F) 0000  0000000000000000 (  59) SAVER2          .FILL x0000
(1530) 0000  0000000000000000 (  60) SAVER7          .FILL x0000
(1531) 0049  0000000001001001 (  60) S1              .FILL x0049
(1532) 0043  0000000001000011 (  60)                 .FILL x0043
(1533) 0053  0000000001010011 (  60)                 .FILL x0053
(1534) 0032  0000000000110010 (  60)                 .FILL x0032
(1535) 0030  0000000000110000 (  60)                 .FILL x0030
(1536) 0031  0000000000110001 (  60)                 .FILL x0031
(1537) 0037  0000000000110111 (  60)                 .FILL x0037
(1538) 003A  0000000000111010 (  60)                 .FILL x003A
(1539) 0049  0000000001001001 (  60)                 .FILL x0049
(153A) 0074  0000000001110100 (  60)                 .FILL x0074
(153B) 0020  0000000000100000 (  60)                 .FILL x0020
(153C) 0069  0000000001101001 (  60)                 .FILL x0069
(153D) 0073  0000000001110011 (  60)                 .FILL x0073
(153E) 0020  0000000000100000 (  60)                 .FILL x0020
(153F) 0061  0000000001100001 (  60)                 .FILL x0061
(1540) 0020  0000000000100000 (  60)                 .FILL x0020
(1541) 006E  0000000001101110 (  60)                 .FILL x006E
(1542) 0075  0000000001110101 (  60)                 .FILL x0075
(1543) 006D  0000000001101101 (  60)                 .FILL x006D
(1544) 0062  0000000001100010 (  60)                 .FILL x0062
(1545) 0065  0000000001100101 (  60)                 .FILL x0065
(1546) 0072  0000000001110010 (  60)                 .FILL x0072
(1547) 002E  0000000000101110 (  60)                 .FILL x002E
(1548) 0000  0000000000000000 (  60)                 .FILL x0000
(1549) 0049  0000000001001001 (  61) S2              .FILL x0049
(154A) 0043  0000000001000011 (  61)                 .FILL x0043
(154B) 0053  0000000001010011 (  61)                 .FILL x0053
(154C) 0032  0000000000110010 (  61)                 .FILL x0032
(154D) 0030  0000000000110000 (  61)                 .FILL x0030
(154E) 0031  0000000000110001 (  61)                 .FILL x0031
(154F) 0037  0000000000110111 (  61)                 .FILL x0037
(1550) 003A  0000000000111010 (  61)                 .FILL x003A
(1551) 0020  0000000000100000 (  61)                 .FILL x0020
(1552) 003F  0000000000111111 (  61)                 .FILL x003F
(1553) 003F  0000000000111111 (  61)                 .FILL x003F
(1554) 003F  0000000000111111 (  61)                 .FILL x003F
(1555) 003F  0000000000111111 (  61)                 .FILL x003F
(1556) 003F  0000000000111111 (  61)                 .FILL x003F
(1557) 003F  0000000000111111 (  61)                 .FILL x003F
(1558) 0020  0000000000100000 (  61)                 .FILL x0020
(1559) 0057  0000000001010111 (  61)                 .FILL x0057
(155A) 0068  0000000001101000 (  61)                 .FILL x0068
(155B) 0061  0000000001100001 (  61)                 .FILL x0061
(155C) 0074  0000000001110100 (  61)                 .FILL x0074
(155D) 0020  0000000000100000 (  61)                 .FILL x0020
(155E) 0069  0000000001101001 (  61)                 .FILL x0069
(155F) 0073  0000000001110011 (  61)                 .FILL x0073
(1560) 0020  0000000000100000 (  61)                 .FILL x0020
(1561) 0074  0000000001110100 (  61)                 .FILL x0074
(1562) 0068  0000000001101000 (  61)                 .FILL x0068
(1563) 0069  0000000001101001 (  61)                 .FILL x0069
(1564) 0073  0000000001110011 (  61)                 .FILL x0073
(1565) 0020  0000000000100000 (  61)                 .FILL x0020
(1566) 003F  0000000000111111 (  61)                 .FILL x003F
(1567) 003F  0000000000111111 (  61)                 .FILL x003F
(1568) 003F  0000000000111111 (  61)                 .FILL x003F
(1569) 003F  0000000000111111 (  61)                 .FILL x003F
(156A) 003F  0000000000111111 (  61)                 .FILL x003F
(156B) 003F  0000000000111111 (  61)                 .FILL x003F
(156C) 0000  0000000000000000 (  61)                 .FILL x0000
