(0000) 3000  0011000000000000 (   1)                 .ORIG x3000
(3000) E013  1110000000010011 (   2) LOOP            LEA   R0 S1
(3001) F022  1111000000100010 (   3)                 TRAP  x22
(3002) 2010  0010000000010000 (   4)                 LD    R0 NEWLINE
(3003) F021  1111000000100001 (   5)                 TRAP  x21
(3004) 4806  0100100000000110 (   6)                 JSR   DELAY
(3005) E04E  1110000001001110 (   7)                 LEA   R0 S2
(3006) F022  1111000000100010 (   8)                 TRAP  x22
(3007) 200B  0010000000001011 (   9)                 LD    R0 NEWLINE
(3008) F021  1111000000100001 (  10)                 TRAP  x21
(3009) 4801  0100100000000001 (  11)                 JSR   DELAY
(300A) 0FF5  0000111111110101 (  12)                 BRNZP LOOP
(300B) 3206  0011001000000110 (  14) DELAY           ST    R1 SaveR1
(300C) 2204  0010001000000100 (  15)                 LD    R1 COUNT
(300D) 127F  0001001001111111 (  16) REP             ADD   R1 R1 #-1
(300E) 03FE  0000001111111110 (  17)                 BRP   REP
(300F) 2202  0010001000000010 (  18)                 LD    R1 SaveR1
(3010) C1C0  1100000111000000 (  19)                 RET   
(3011) 09C4  0000100111000100 (  20) COUNT           .FILL x09C4
(3012) 0000  0000000000000000 (  22) SaveR1          .FILL x0000
(3013) 000A  0000000000001010 (  22) NEWLINE         .FILL x000A
(3014) 0043  0000000001000011 (  23) S1              .FILL x0043
(3015) 0053  0000000001010011 (  23)                 .FILL x0053
(3016) 0040  0000000001000000 (  23)                 .FILL x0040
(3017) 0055  0000000001010101 (  23)                 .FILL x0055
(3018) 0053  0000000001010011 (  23)                 .FILL x0053
(3019) 0054  0000000001010100 (  23)                 .FILL x0054
(301A) 0043  0000000001000011 (  23)                 .FILL x0043
(301B) 0020  0000000000100000 (  23)                 .FILL x0020
(301C) 0020  0000000000100000 (  23)                 .FILL x0020
(301D) 0020  0000000000100000 (  23)                 .FILL x0020
(301E) 0020  0000000000100000 (  23)                 .FILL x0020
(301F) 0020  0000000000100000 (  23)                 .FILL x0020
(3020) 0020  0000000000100000 (  23)                 .FILL x0020
(3021) 0020  0000000000100000 (  23)                 .FILL x0020
(3022) 0043  0000000001000011 (  23)                 .FILL x0043
(3023) 0053  0000000001010011 (  23)                 .FILL x0053
(3024) 0040  0000000001000000 (  23)                 .FILL x0040
(3025) 0055  0000000001010101 (  23)                 .FILL x0055
(3026) 0053  0000000001010011 (  23)                 .FILL x0053
(3027) 0054  0000000001010100 (  23)                 .FILL x0054
(3028) 0043  0000000001000011 (  23)                 .FILL x0043
(3029) 0020  0000000000100000 (  23)                 .FILL x0020
(302A) 0020  0000000000100000 (  23)                 .FILL x0020
(302B) 0020  0000000000100000 (  23)                 .FILL x0020
(302C) 0020  0000000000100000 (  23)                 .FILL x0020
(302D) 0020  0000000000100000 (  23)                 .FILL x0020
(302E) 0020  0000000000100000 (  23)                 .FILL x0020
(302F) 0020  0000000000100000 (  23)                 .FILL x0020
(3030) 0043  0000000001000011 (  23)                 .FILL x0043
(3031) 0053  0000000001010011 (  23)                 .FILL x0053
(3032) 0040  0000000001000000 (  23)                 .FILL x0040
(3033) 0055  0000000001010101 (  23)                 .FILL x0055
(3034) 0053  0000000001010011 (  23)                 .FILL x0053
(3035) 0054  0000000001010100 (  23)                 .FILL x0054
(3036) 0043  0000000001000011 (  23)                 .FILL x0043
(3037) 0020  0000000000100000 (  23)                 .FILL x0020
(3038) 0020  0000000000100000 (  23)                 .FILL x0020
(3039) 0020  0000000000100000 (  23)                 .FILL x0020
(303A) 0020  0000000000100000 (  23)                 .FILL x0020
(303B) 0020  0000000000100000 (  23)                 .FILL x0020
(303C) 0020  0000000000100000 (  23)                 .FILL x0020
(303D) 0020  0000000000100000 (  23)                 .FILL x0020
(303E) 0043  0000000001000011 (  23)                 .FILL x0043
(303F) 0053  0000000001010011 (  23)                 .FILL x0053
(3040) 0040  0000000001000000 (  23)                 .FILL x0040
(3041) 0055  0000000001010101 (  23)                 .FILL x0055
(3042) 0053  0000000001010011 (  23)                 .FILL x0053
(3043) 0054  0000000001010100 (  23)                 .FILL x0054
(3044) 0043  0000000001000011 (  23)                 .FILL x0043
(3045) 0020  0000000000100000 (  23)                 .FILL x0020
(3046) 0020  0000000000100000 (  23)                 .FILL x0020
(3047) 0020  0000000000100000 (  23)                 .FILL x0020
(3048) 0020  0000000000100000 (  23)                 .FILL x0020
(3049) 0020  0000000000100000 (  23)                 .FILL x0020
(304A) 0020  0000000000100000 (  23)                 .FILL x0020
(304B) 0020  0000000000100000 (  23)                 .FILL x0020
(304C) 0043  0000000001000011 (  23)                 .FILL x0043
(304D) 0053  0000000001010011 (  23)                 .FILL x0053
(304E) 0040  0000000001000000 (  23)                 .FILL x0040
(304F) 0055  0000000001010101 (  23)                 .FILL x0055
(3050) 0053  0000000001010011 (  23)                 .FILL x0053
(3051) 0054  0000000001010100 (  23)                 .FILL x0054
(3052) 0043  0000000001000011 (  23)                 .FILL x0043
(3053) 0000  0000000000000000 (  23)                 .FILL x0000
(3054) 0020  0000000000100000 (  24) S2              .FILL x0020
(3055) 0020  0000000000100000 (  24)                 .FILL x0020
(3056) 0020  0000000000100000 (  24)                 .FILL x0020
(3057) 0020  0000000000100000 (  24)                 .FILL x0020
(3058) 0020  0000000000100000 (  24)                 .FILL x0020
(3059) 0020  0000000000100000 (  24)                 .FILL x0020
(305A) 0020  0000000000100000 (  24)                 .FILL x0020
(305B) 0043  0000000001000011 (  24)                 .FILL x0043
(305C) 0053  0000000001010011 (  24)                 .FILL x0053
(305D) 0040  0000000001000000 (  24)                 .FILL x0040
(305E) 0055  0000000001010101 (  24)                 .FILL x0055
(305F) 0053  0000000001010011 (  24)                 .FILL x0053
(3060) 0054  0000000001010100 (  24)                 .FILL x0054
(3061) 0043  0000000001000011 (  24)                 .FILL x0043
(3062) 0020  0000000000100000 (  24)                 .FILL x0020
(3063) 0020  0000000000100000 (  24)                 .FILL x0020
(3064) 0020  0000000000100000 (  24)                 .FILL x0020
(3065) 0020  0000000000100000 (  24)                 .FILL x0020
(3066) 0020  0000000000100000 (  24)                 .FILL x0020
(3067) 0020  0000000000100000 (  24)                 .FILL x0020
(3068) 0020  0000000000100000 (  24)                 .FILL x0020
(3069) 0043  0000000001000011 (  24)                 .FILL x0043
(306A) 0053  0000000001010011 (  24)                 .FILL x0053
(306B) 0040  0000000001000000 (  24)                 .FILL x0040
(306C) 0055  0000000001010101 (  24)                 .FILL x0055
(306D) 0053  0000000001010011 (  24)                 .FILL x0053
(306E) 0054  0000000001010100 (  24)                 .FILL x0054
(306F) 0043  0000000001000011 (  24)                 .FILL x0043
(3070) 0020  0000000000100000 (  24)                 .FILL x0020
(3071) 0020  0000000000100000 (  24)                 .FILL x0020
(3072) 0020  0000000000100000 (  24)                 .FILL x0020
(3073) 0020  0000000000100000 (  24)                 .FILL x0020
(3074) 0020  0000000000100000 (  24)                 .FILL x0020
(3075) 0020  0000000000100000 (  24)                 .FILL x0020
(3076) 0020  0000000000100000 (  24)                 .FILL x0020
(3077) 0043  0000000001000011 (  24)                 .FILL x0043
(3078) 0053  0000000001010011 (  24)                 .FILL x0053
(3079) 0040  0000000001000000 (  24)                 .FILL x0040
(307A) 0055  0000000001010101 (  24)                 .FILL x0055
(307B) 0053  0000000001010011 (  24)                 .FILL x0053
(307C) 0054  0000000001010100 (  24)                 .FILL x0054
(307D) 0043  0000000001000011 (  24)                 .FILL x0043
(307E) 0020  0000000000100000 (  24)                 .FILL x0020
(307F) 0020  0000000000100000 (  24)                 .FILL x0020
(3080) 0020  0000000000100000 (  24)                 .FILL x0020
(3081) 0020  0000000000100000 (  24)                 .FILL x0020
(3082) 0020  0000000000100000 (  24)                 .FILL x0020
(3083) 0020  0000000000100000 (  24)                 .FILL x0020
(3084) 0020  0000000000100000 (  24)                 .FILL x0020
(3085) 0043  0000000001000011 (  24)                 .FILL x0043
(3086) 0053  0000000001010011 (  24)                 .FILL x0053
(3087) 0040  0000000001000000 (  24)                 .FILL x0040
(3088) 0055  0000000001010101 (  24)                 .FILL x0055
(3089) 0053  0000000001010011 (  24)                 .FILL x0053
(308A) 0054  0000000001010100 (  24)                 .FILL x0054
(308B) 0043  0000000001000011 (  24)                 .FILL x0043
(308C) 0000  0000000000000000 (  24)                 .FILL x0000
