(0000) 3000  0011000000000000 (   1)                 .ORIG x3000
(3000) 2A34  0010101000110100 (   3)                 LD    R5 NUM
(3001) 2835  0010100000110101 (   4)                 LD    R4 DST
(3002) 2633  0010011000110011 (   5)                 LD    R3 SRCBGN
(3003) 1B7E  0001101101111110 (  11) OUTER           ADD   R5 R5 #-2
(3004) 0833  0000100000110011 (  12)                 BRN   SUSPEND
(3005) 1343  0001001101000011 (  13)                 ADD   R1 R5 R3
(3006) 1060  0001000001100000 (  14)                 ADD   R0 R1 #0
(3007) 103E  0001000000111110 (  16) INNER           ADD   R0 R0 #-2
(3008) 4817  0100100000010111 (  17)                 JSR   EQBGN
(3009) 1DA0  0001110110100000 (  18)                 ADD   R6 R6 #0
(300A) 081E  0000100000011110 (  19)                 BRN   WRITE
(300B) 4804  0100100000000100 (  20)                 JSR   CMP
(300C) 1DA0  0001110110100000 (  21)                 ADD   R6 R6 #0
(300D) 0DF9  0000110111111001 (  22)                 BRNZ  INNER
(300E) 1220  0001001000100000 (  23)                 ADD   R1 R0 #0
(300F) 4FF7  0100111111110111 (  24)                 JSR   INNER
(3010) 3622  0011011000100010 (  29) CMP             ST    R3 SAVER3
(3011) 3822  0011100000100010 (  30)                 ST    R4 SAVER4
(3012) 6600  0110011000000000 (  31)                 LDR   R3 R0 #0
(3013) 6840  0110100001000000 (  32)                 LDR   R4 R1 #0
(3014) 993F  1001100100111111 (  33)                 NOT   R4 R4
(3015) 1921  0001100100100001 (  34)                 ADD   R4 R4 #1
(3016) 1CC4  0001110011000100 (  35)                 ADD   R6 R3 R4
(3017) 0A05  0000101000000101 (  36)                 BRNP  LDREG
(3018) 6601  0110011000000001 (  37)                 LDR   R3 R0 #1
(3019) 6841  0110100001000001 (  38)                 LDR   R4 R1 #1
(301A) 993F  1001100100111111 (  39)                 NOT   R4 R4
(301B) 1921  0001100100100001 (  40)                 ADD   R4 R4 #1
(301C) 1CC4  0001110011000100 (  41)                 ADD   R6 R3 R4
(301D) 2615  0010011000010101 (  42) LDREG           LD    R3 SAVER3
(301E) 2815  0010100000010101 (  43)                 LD    R4 SAVER4
(301F) C1C0  1100000111000000 (  44)                 RET   
(3020) 3813  0011100000010011 (  51) EQBGN           ST    R4 SAVER4
(3021) 3611  0011011000010001 (  52)                 ST    R3 SAVER3
(3022) 983F  1001100000111111 (  53)                 NOT   R4 R0
(3023) 1921  0001100100100001 (  54)                 ADD   R4 R4 #1
(3024) 2611  0010011000010001 (  55)                 LD    R3 SRCBGN
(3025) 1D03  0001110100000011 (  56)                 ADD   R6 R4 R3
(3026) 280D  0010100000001101 (  57)                 LD    R4 SAVER4
(3027) 260B  0010011000001011 (  58)                 LD    R3 SAVER3
(3028) C1C0  1100000111000000 (  59)                 RET   
(3029) 6C40  0110110001000000 (  63) WRITE           LDR   R6 R1 #0
(302A) 7D00  0111110100000000 (  64)                 STR   R6 R4 #0
(302B) 6C41  0110110001000001 (  65)                 LDR   R6 R1 #1
(302C) 7D01  0111110100000001 (  66)                 STR   R6 R4 #1
(302D) 1922  0001100100100010 (  67)                 ADD   R4 R4 #2
(302E) 6340  0110001101000000 (  69)                 LDR   R1 R5 #0
(302F) 1261  0001001001100001 (  70)                 ADD   R1 R1 #1
(3030) 6341  0110001101000001 (  71)                 LDR   R1 R5 #1
(3031) 7C7F  0111110001111111 (  72)                 STR   R6 R1 #-1
(3032) 4FD0  0100111111010000 (  73)                 JSR   OUTER
(3033) 0000  0000000000000000 (  77) SAVER3          .FILL x0000
(3034) 0000  0000000000000000 (  78) SAVER4          .FILL x0000
(3035) 0080  0000000010000000 (  79) NUM             .FILL x0080
(3036) 3200  0011001000000000 (  80) SRCBGN          .FILL x3200
(3037) 4000  0100000000000000 (  81) DST             .FILL x4000
(3038) F025  1111000000100101 (  82) SUSPEND         TRAP  x25
