(0000) 4FC5  0100111111000101 (   1)                 .ORIG x4FC5
(4FC5) A237  1010001000110111 (   2) MAIN            LDI   R1 LBOUND
(4FC6) A435  1010010000110101 (   3)                 LDI   R2 RBOUND
(4FC7) 1060  0001000001100000 (   4)                 ADD   R0 R1 #0
(4FC8) 3C30  0011110000110000 (   5)                 ST    R6 SVR6
(4FC9) 2C35  0010110000110101 (   6)                 LD    R6 FUNCADDR
(4FCA) 4180  0100000110000000 (   7)                 JSRR  R6
(4FCB) 2C2D  0010110000101101 (   8)                 LD    R6 SVR6
(4FCC) 1B20  0001101100100000 (   9)                 ADD   R5 R4 #0
(4FCD) 967F  1001011001111111 (  11) L0              NOT   R3 R1
(4FCE) 16C2  0001011011000010 (  12)                 ADD   R3 R3 R2
(4FCF) 0C14  0000110000010100 (  13)                 BRNZ  STVAL
(4FD0) 4816  0100100000010110 (  14)                 JSR   TWODIV
(4FD1) 3C27  0011110000100111 (  15)                 ST    R6 SVR6
(4FD2) 2C2C  0010110000101100 (  16)                 LD    R6 FUNCADDR
(4FD3) 4180  0100000110000000 (  17)                 JSRR  R6
(4FD4) 2C24  0010110000100100 (  18)                 LD    R6 SVR6
(4FD5) 5904  0101100100000100 (  19)                 AND   R4 R4 R4
(4FD6) 040D  0000010000001101 (  20)                 BRZ   STVAL
(4FD7) 0803  0000100000000011 (  21)                 BRN   L1
(4FD8) 1B60  0001101101100000 (  22)                 ADD   R5 R5 #0
(4FD9) 0803  0000100000000011 (  23)                 BRN   L2
(4FDA) 1220  0001001000100000 (  24)                 ADD   R1 R0 #0
(4FDB) 1B60  0001101101100000 (  25) L1              ADD   R5 R5 #0
(4FDC) 0804  0000100000000100 (  26)                 BRN   L3
(4FDD) 1420  0001010000100000 (  27) L2              ADD   R2 R0 #0
(4FDE) 993F  1001100100111111 (  28)                 NOT   R4 R4
(4FDF) 1921  0001100100100001 (  29)                 ADD   R4 R4 #1
(4FE0) 0E01  0000111000000001 (  30)                 BRNZP L4
(4FE1) 1220  0001001000100000 (  31) L3              ADD   R1 R0 #0
(4FE2) 1B20  0001101100100000 (  32) L4              ADD   R5 R4 #0
(4FE3) 0FE9  0000111111101001 (  33)                 BRNZP L0
(4FE4) 2619  0010011000011001 (  35) STVAL           LD    R3 RST
(4FE5) 70C0  0111000011000000 (  36)                 STR   R0 R3 #0
(4FE6) F025  1111000000100101 (  37)                 TRAP  x25
(4FE7) 320D  0011001000001101 (  42) TWODIV          ST    R1 SVR1
(4FE8) 340D  0011010000001101 (  43)                 ST    R2 SVR2
(4FE9) 127F  0001001001111111 (  44)                 ADD   R1 R1 #-1
(4FEA) 14A1  0001010010100001 (  45)                 ADD   R2 R2 #1
(4FEB) 1261  0001001001100001 (  46) TDLAB           ADD   R1 R1 #1
(4FEC) 14BF  0001010010111111 (  47)                 ADD   R2 R2 #-1
(4FED) 907F  1001000001111111 (  48)                 NOT   R0 R1
(4FEE) 1002  0001000000000010 (  49)                 ADD   R0 R0 R2
(4FEF) 03FB  0000001111111011 (  50)                 BRP   TDLAB
(4FF0) 10A0  0001000010100000 (  51)                 ADD   R0 R2 #0
(4FF1) 2203  0010001000000011 (  52)                 LD    R1 SVR1
(4FF2) 2403  0010010000000011 (  53)                 LD    R2 SVR2
(4FF3) C1C0  1100000111000000 (  54)                 RET   
(4FF4) 0000  0000000000000000 (  58) SVR0            .FILL x0000
(4FF5) 0000  0000000000000000 (  59) SVR1            .FILL x0000
(4FF6) 0000  0000000000000000 (  60) SVR2            .FILL x0000
(4FF7) 0000  0000000000000000 (  61) SVR3            .FILL x0000
(4FF8) 0000  0000000000000000 (  62) SVR5            .FILL x0000
(4FF9) 0000  0000000000000000 (  63) SVR6            .FILL x0000
(4FFA) 4003  0100000000000011 (  64) N               .FILL x4003
(4FFB) 4004  0100000000000100 (  65) DATA            .FILL x4004
(4FFC) 4002  0100000000000010 (  66) RBOUND          .FILL x4002
(4FFD) 4001  0100000000000001 (  67) LBOUND          .FILL x4001
(4FFE) 4000  0100000000000000 (  68) RST             .FILL x4000
(4FFF) 5000  0101000000000000 (  69) FUNCADDR        .FILL x5000
(5000) 33F4  0011001111110100 (  73) FUN             ST    R1 SVR1
(5001) 35F4  0011010111110100 (  74)                 ST    R2 SVR2
(5002) 37F4  0011011111110100 (  75)                 ST    R3 SVR3
(5003) 5920  0101100100100000 (  76)                 AND   R4 R4 #0
(5004) 25F6  0010010111110110 (  77)                 LD    R2 DATA
(5005) A3F4  1010001111110100 (  78)                 LDI   R1 N
(5006) 6680  0110011010000000 (  79) LOOP            LDR   R3 R2 #0
(5007) 14A1  0001010010100001 (  80)                 ADD   R2 R2 #1
(5008) 18C4  0001100011000100 (  81)                 ADD   R4 R3 R4
(5009) 127F  0001001001111111 (  82)                 ADD   R1 R1 #-1
(500A) 0816  0000100000010110 (  83)                 BRN   FUNCEND
(500B) 31E8  0011000111101000 (  86) MUL             ST    R0 SVR0
(500C) 3BEB  0011101111101011 (  87)                 ST    R5 SVR5
(500D) 1B20  0001101100100000 (  88)                 ADD   R5 R4 #0
(500E) 56E0  0101011011100000 (  89)                 AND   R3 R3 #0
(500F) 1020  0001000000100000 (  90)                 ADD   R0 R0 #0
(5010) 0408  0000010000001000 (  91)                 BRZ   ZERO
(5011) 0203  0000001000000011 (  92)                 BRP   MULLAB0
(5012) 16E1  0001011011100001 (  93)                 ADD   R3 R3 #1
(5013) 903F  1001000000111111 (  94)                 NOT   R0 R0
(5014) 1021  0001000000100001 (  95)                 ADD   R0 R0 #1
(5015) 103F  0001000000111111 (  96) MULLAB0         ADD   R0 R0 #-1
(5016) 0403  0000010000000011 (  97) MULLAB1         BRZ   MULLAB2
(5017) 1905  0001100100000101 (  98)                 ADD   R4 R4 R5
(5018) 0FFC  0000111111111100 (  99)                 BRNZP MULLAB0
(5019) 5920  0101100100100000 ( 100) ZERO            AND   R4 R4 #0
(501A) 16E0  0001011011100000 ( 101) MULLAB2         ADD   R3 R3 #0
(501B) 0402  0000010000000010 ( 102)                 BRZ   POS
(501C) 993F  1001100100111111 ( 103)                 NOT   R4 R4
(501D) 1921  0001100100100001 ( 104)                 ADD   R4 R4 #1
(501E) 21D5  0010000111010101 ( 105) POS             LD    R0 SVR0
(501F) 2BD8  0010101111011000 ( 106)                 LD    R5 SVR5
(5020) 0FE5  0000111111100101 ( 107)                 BRNZP LOOP
(5021) 23D3  0010001111010011 ( 109) FUNCEND         LD    R1 SVR1
(5022) 25D3  0010010111010011 ( 110)                 LD    R2 SVR2
(5023) 27D3  0010011111010011 ( 111)                 LD    R3 SVR3
(5024) C1C0  1100000111000000 ( 112)                 RET   
