(0000) 3000  0011000000000000 (   1)                 .ORIG x3000
(3000) 200F  0010000000001111 (   3) CHECK           LD    R0 HI
(3001) F022  1111000000100010 (   4)                 TRAP  x22
(3002) 200C  0010000000001100 (   5)                 LD    R0 NEWLINE
(3003) F021  1111000000100001 (   6)                 TRAP  x21
(3004) A206  1010001000000110 (   7)                 LDI   R1 KBSR
(3005) 07FA  0000011111111010 (   8)                 BRZP  CHECK
(3006) A606  1010011000000110 (  10) l2              LDI   R3 DSR
(3007) 07FE  0000011111111110 (  11)                 BRZP  l2
(3008) A803  1010100000000011 (  12)                 LDI   R4 KBDR
(3009) B804  1011100000000100 (  13)                 STI   R4 DDR
(300A) 0FF5  0000111111110101 (  14)                 BRNZP CHECK
(300B) FE00  1111111000000000 (  16) KBSR            .FILL xFE00
(300C) FE02  1111111000000010 (  17) KBDR            .FILL xFE02
(300D) FE04  1111111000000100 (  18) DSR             .FILL xFE04
(300E) FE06  1111111000000110 (  19) DDR             .FILL xFE06
(300F) 000A  0000000000001010 (  20) NEWLINE         .FILL x000A
(3010) 0049  0000000001001001 (  21) HI              .FILL x0049
(3011) 004E  0000000001001110 (  21)                 .FILL x004E
(3012) 0050  0000000001010000 (  21)                 .FILL x0050
(3013) 0055  0000000001010101 (  21)                 .FILL x0055
(3014) 0054  0000000001010100 (  21)                 .FILL x0054
(3015) 0020  0000000000100000 (  21)                 .FILL x0020
(3016) 0053  0000000001010011 (  21)                 .FILL x0053
(3017) 004F  0000000001001111 (  21)                 .FILL x004F
(3018) 004D  0000000001001101 (  21)                 .FILL x004D
(3019) 0045  0000000001000101 (  21)                 .FILL x0045
(301A) 0054  0000000001010100 (  21)                 .FILL x0054
(301B) 0048  0000000001001000 (  21)                 .FILL x0048
(301C) 0049  0000000001001001 (  21)                 .FILL x0049
(301D) 004E  0000000001001110 (  21)                 .FILL x004E
(301E) 0047  0000000001000111 (  21)                 .FILL x0047
(301F) 0020  0000000000100000 (  21)                 .FILL x0020
(3020) 0000  0000000000000000 (  21)                 .FILL x0000
