(0000) 3000  0011000000000000 (   1)                 .ORIG x3000
(3000) E41E  1110010000011110 (   2)                 LEA   R2 C
(3001) 6280  0110001010000000 (   3)                 LDR   R1 R2 #0
(3002) AC1C  1010110000011100 (   4)                 LDI   R6 C
(3003) 6A7D  0110101001111101 (   5)                 LDR   R5 R1 #-3
(3004) 3A1A  0011101000011010 (   6)                 ST    R5 C
(3005) 6A7C  0110101001111100 (   7)                 LDR   R5 R1 #-4
(3006) 6081  0110000010000001 (   8)                 LDR   R0 R2 #1
(3007) 4140  0100000101000000 (   9)                 JSRR  R5
(3008) 56E0  0101011011100000 (  10)                 AND   R3 R3 #0
(3009) 16E7  0001011011100111 (  11)                 ADD   R3 R3 #7
(300A) E806  1110100000000110 (  12)                 LEA   R4 B
(300B) 7840  0111100001000000 (  13) A               STR   R4 R1 #0
(300C) 1922  0001100100100010 (  14)                 ADD   R4 R4 #2
(300D) 1261  0001001001100001 (  15)                 ADD   R1 R1 #1
(300E) 16FF  0001011011111111 (  16)                 ADD   R3 R3 #-1
(300F) 03FB  0000001111111011 (  17)                 BRP   A
(3010) F025  1111000000100101 (  18)                 TRAP  x25
(3011) 14A1  0001010010100001 (  19) B               ADD   R2 R2 #1
(3012) 6080  0110000010000000 (  20)                 LDR   R0 R2 #0
(3013) 4140  0100000101000000 (  21)                 JSRR  R5
(3014) F029  1111000000101001 (  22)                 TRAP  x29
(3015) 14AF  0001010010101111 (  23)                 ADD   R2 R2 #15
(3016) 10A3  0001000010100011 (  24)                 ADD   R0 R2 #3
(3017) 2A07  0010101000000111 (  25)                 LD    R5 C
(3018) F02B  1111000000101011 (  26)                 TRAP  x2B
(3019) 14A5  0001010010100101 (  27)                 ADD   R2 R2 #5
(301A) 6080  0110000010000000 (  28)                 LDR   R0 R2 #0
(301B) 4140  0100000101000000 (  29)                 JSRR  R5
(301C) F027  1111000000100111 (  30)                 TRAP  x27
(301D) 4140  0100000101000000 (  31)                 JSRR  R5
(301E) 4180  0100000110000000 (  32)                 JSRR  R6
(301F) 0025  0000000000100101 (  33) C               .FILL x0025
(3020) 0045  0000000001000101 (  34)                 .FILL x0045
(3021) 0045  0000000001000101 (  34)                 .FILL x0045
(3022) 0033  0000000000110011 (  34)                 .FILL x0033
(3023) 0030  0000000000110000 (  34)                 .FILL x0030
(3024) 0036  0000000000110110 (  34)                 .FILL x0036
(3025) 0020  0000000000100000 (  34)                 .FILL x0020
(3026) 0061  0000000001100001 (  34)                 .FILL x0061
(3027) 006E  0000000001101110 (  34)                 .FILL x006E
(3028) 0064  0000000001100100 (  34)                 .FILL x0064
(3029) 0020  0000000000100000 (  34)                 .FILL x0020
(302A) 0074  0000000001110100 (  34)                 .FILL x0074
(302B) 0065  0000000001100101 (  34)                 .FILL x0065
(302C) 0073  0000000001110011 (  34)                 .FILL x0073
(302D) 0074  0000000001110100 (  34)                 .FILL x0074
(302E) 0073  0000000001110011 (  34)                 .FILL x0073
(302F) 0020  0000000000100000 (  34)                 .FILL x0020
(3030) 0061  0000000001100001 (  34)                 .FILL x0061
(3031) 0072  0000000001110010 (  34)                 .FILL x0072
(3032) 0065  0000000001100101 (  34)                 .FILL x0065
(3033) 0020  0000000000100000 (  34)                 .FILL x0020
(3034) 0061  0000000001100001 (  34)                 .FILL x0061
(3035) 0077  0000000001110111 (  34)                 .FILL x0077
(3036) 0065  0000000001100101 (  34)                 .FILL x0065
(3037) 0073  0000000001110011 (  34)                 .FILL x0073
(3038) 006F  0000000001101111 (  34)                 .FILL x006F
(3039) 006D  0000000001101101 (  34)                 .FILL x006D
(303A) 0065  0000000001100101 (  34)                 .FILL x0065
(303B) 0000  0000000000000000 (  34)                 .FILL x0000
