(0000) 3000  0011000000000000 (   1)                 .ORIG x3000
(3000) 2C1F  0010110000011111 (   2)                 LD    R6 STK
(3001) 201C  0010000000011100 (   3)                 LD    R0 MASK
(3002) B01A  1011000000011010 (   4)                 STI   R0 KBSR
(3003) 2017  0010000000010111 (   5)                 LD    R0 CDADDR
(3004) B017  1011000000010111 (   6)                 STI   R0 INTKB
(3005) E01B  1110000000011011 (   9) LOOP            LEA   R0 S1
(3006) F022  1111000000100010 (  10)                 TRAP  x22
(3007) 2017  0010000000010111 (  11)                 LD    R0 NEWLINE
(3008) F021  1111000000100001 (  12)                 TRAP  x21
(3009) 4806  0100100000000110 (  13)                 JSR   DELAY
(300A) E056  1110000001010110 (  14)                 LEA   R0 S2
(300B) F022  1111000000100010 (  15)                 TRAP  x22
(300C) 2012  0010000000010010 (  16)                 LD    R0 NEWLINE
(300D) F021  1111000000100001 (  17)                 TRAP  x21
(300E) 4801  0100100000000001 (  18)                 JSR   DELAY
(300F) 0FF5  0000111111110101 (  19)                 BRNZP LOOP
(3010) 3E09  0011111000001001 (  21) DELAY           ST    R7 SAVER7
(3011) 3207  0011001000000111 (  22)                 ST    R1 SaveR1
(3012) 2205  0010001000000101 (  23)                 LD    R1 COUNT
(3013) 127F  0001001001111111 (  24) REP             ADD   R1 R1 #-1
(3014) 03FE  0000001111111110 (  25)                 BRP   REP
(3015) 2203  0010001000000011 (  26)                 LD    R1 SaveR1
(3016) 2E03  0010111000000011 (  27)                 LD    R7 SAVER7
(3017) C1C0  1100000111000000 (  28)                 RET   
(3018) 09C4  0000100111000100 (  29) COUNT           .FILL x09C4
(3019) 0000  0000000000000000 (  31) SaveR1          .FILL x0000
(301A) 0000  0000000000000000 (  32) SAVER7          .FILL x0000
(301B) 1500  0001010100000000 (  32) CDADDR          .FILL x1500
(301C) 0180  0000000110000000 (  33) INTKB           .FILL x0180
(301D) FE00  1111111000000000 (  34) KBSR            .FILL xFE00
(301E) 4000  0100000000000000 (  35) MASK            .FILL x4000
(301F) 000A  0000000000001010 (  36) NEWLINE         .FILL x000A
(3020) 3000  0011000000000000 (  37) STK             .FILL x3000
(3021) 0043  0000000001000011 (  38) S1              .FILL x0043
(3022) 0053  0000000001010011 (  38)                 .FILL x0053
(3023) 0040  0000000001000000 (  38)                 .FILL x0040
(3024) 0055  0000000001010101 (  38)                 .FILL x0055
(3025) 0053  0000000001010011 (  38)                 .FILL x0053
(3026) 0054  0000000001010100 (  38)                 .FILL x0054
(3027) 0043  0000000001000011 (  38)                 .FILL x0043
(3028) 0020  0000000000100000 (  38)                 .FILL x0020
(3029) 0020  0000000000100000 (  38)                 .FILL x0020
(302A) 0020  0000000000100000 (  38)                 .FILL x0020
(302B) 0020  0000000000100000 (  38)                 .FILL x0020
(302C) 0020  0000000000100000 (  38)                 .FILL x0020
(302D) 0020  0000000000100000 (  38)                 .FILL x0020
(302E) 0020  0000000000100000 (  38)                 .FILL x0020
(302F) 0043  0000000001000011 (  38)                 .FILL x0043
(3030) 0053  0000000001010011 (  38)                 .FILL x0053
(3031) 0040  0000000001000000 (  38)                 .FILL x0040
(3032) 0055  0000000001010101 (  38)                 .FILL x0055
(3033) 0053  0000000001010011 (  38)                 .FILL x0053
(3034) 0054  0000000001010100 (  38)                 .FILL x0054
(3035) 0043  0000000001000011 (  38)                 .FILL x0043
(3036) 0020  0000000000100000 (  38)                 .FILL x0020
(3037) 0020  0000000000100000 (  38)                 .FILL x0020
(3038) 0020  0000000000100000 (  38)                 .FILL x0020
(3039) 0020  0000000000100000 (  38)                 .FILL x0020
(303A) 0020  0000000000100000 (  38)                 .FILL x0020
(303B) 0020  0000000000100000 (  38)                 .FILL x0020
(303C) 0020  0000000000100000 (  38)                 .FILL x0020
(303D) 0043  0000000001000011 (  38)                 .FILL x0043
(303E) 0053  0000000001010011 (  38)                 .FILL x0053
(303F) 0040  0000000001000000 (  38)                 .FILL x0040
(3040) 0055  0000000001010101 (  38)                 .FILL x0055
(3041) 0053  0000000001010011 (  38)                 .FILL x0053
(3042) 0054  0000000001010100 (  38)                 .FILL x0054
(3043) 0043  0000000001000011 (  38)                 .FILL x0043
(3044) 0020  0000000000100000 (  38)                 .FILL x0020
(3045) 0020  0000000000100000 (  38)                 .FILL x0020
(3046) 0020  0000000000100000 (  38)                 .FILL x0020
(3047) 0020  0000000000100000 (  38)                 .FILL x0020
(3048) 0020  0000000000100000 (  38)                 .FILL x0020
(3049) 0020  0000000000100000 (  38)                 .FILL x0020
(304A) 0020  0000000000100000 (  38)                 .FILL x0020
(304B) 0043  0000000001000011 (  38)                 .FILL x0043
(304C) 0053  0000000001010011 (  38)                 .FILL x0053
(304D) 0040  0000000001000000 (  38)                 .FILL x0040
(304E) 0055  0000000001010101 (  38)                 .FILL x0055
(304F) 0053  0000000001010011 (  38)                 .FILL x0053
(3050) 0054  0000000001010100 (  38)                 .FILL x0054
(3051) 0043  0000000001000011 (  38)                 .FILL x0043
(3052) 0020  0000000000100000 (  38)                 .FILL x0020
(3053) 0020  0000000000100000 (  38)                 .FILL x0020
(3054) 0020  0000000000100000 (  38)                 .FILL x0020
(3055) 0020  0000000000100000 (  38)                 .FILL x0020
(3056) 0020  0000000000100000 (  38)                 .FILL x0020
(3057) 0020  0000000000100000 (  38)                 .FILL x0020
(3058) 0020  0000000000100000 (  38)                 .FILL x0020
(3059) 0043  0000000001000011 (  38)                 .FILL x0043
(305A) 0053  0000000001010011 (  38)                 .FILL x0053
(305B) 0040  0000000001000000 (  38)                 .FILL x0040
(305C) 0055  0000000001010101 (  38)                 .FILL x0055
(305D) 0053  0000000001010011 (  38)                 .FILL x0053
(305E) 0054  0000000001010100 (  38)                 .FILL x0054
(305F) 0043  0000000001000011 (  38)                 .FILL x0043
(3060) 0000  0000000000000000 (  38)                 .FILL x0000
(3061) 0020  0000000000100000 (  39) S2              .FILL x0020
(3062) 0020  0000000000100000 (  39)                 .FILL x0020
(3063) 0020  0000000000100000 (  39)                 .FILL x0020
(3064) 0020  0000000000100000 (  39)                 .FILL x0020
(3065) 0020  0000000000100000 (  39)                 .FILL x0020
(3066) 0020  0000000000100000 (  39)                 .FILL x0020
(3067) 0020  0000000000100000 (  39)                 .FILL x0020
(3068) 0043  0000000001000011 (  39)                 .FILL x0043
(3069) 0053  0000000001010011 (  39)                 .FILL x0053
(306A) 0040  0000000001000000 (  39)                 .FILL x0040
(306B) 0055  0000000001010101 (  39)                 .FILL x0055
(306C) 0053  0000000001010011 (  39)                 .FILL x0053
(306D) 0054  0000000001010100 (  39)                 .FILL x0054
(306E) 0043  0000000001000011 (  39)                 .FILL x0043
(306F) 0020  0000000000100000 (  39)                 .FILL x0020
(3070) 0020  0000000000100000 (  39)                 .FILL x0020
(3071) 0020  0000000000100000 (  39)                 .FILL x0020
(3072) 0020  0000000000100000 (  39)                 .FILL x0020
(3073) 0020  0000000000100000 (  39)                 .FILL x0020
(3074) 0020  0000000000100000 (  39)                 .FILL x0020
(3075) 0020  0000000000100000 (  39)                 .FILL x0020
(3076) 0043  0000000001000011 (  39)                 .FILL x0043
(3077) 0053  0000000001010011 (  39)                 .FILL x0053
(3078) 0040  0000000001000000 (  39)                 .FILL x0040
(3079) 0055  0000000001010101 (  39)                 .FILL x0055
(307A) 0053  0000000001010011 (  39)                 .FILL x0053
(307B) 0054  0000000001010100 (  39)                 .FILL x0054
(307C) 0043  0000000001000011 (  39)                 .FILL x0043
(307D) 0020  0000000000100000 (  39)                 .FILL x0020
(307E) 0020  0000000000100000 (  39)                 .FILL x0020
(307F) 0020  0000000000100000 (  39)                 .FILL x0020
(3080) 0020  0000000000100000 (  39)                 .FILL x0020
(3081) 0020  0000000000100000 (  39)                 .FILL x0020
(3082) 0020  0000000000100000 (  39)                 .FILL x0020
(3083) 0020  0000000000100000 (  39)                 .FILL x0020
(3084) 0043  0000000001000011 (  39)                 .FILL x0043
(3085) 0053  0000000001010011 (  39)                 .FILL x0053
(3086) 0040  0000000001000000 (  39)                 .FILL x0040
(3087) 0055  0000000001010101 (  39)                 .FILL x0055
(3088) 0053  0000000001010011 (  39)                 .FILL x0053
(3089) 0054  0000000001010100 (  39)                 .FILL x0054
(308A) 0043  0000000001000011 (  39)                 .FILL x0043
(308B) 0020  0000000000100000 (  39)                 .FILL x0020
(308C) 0020  0000000000100000 (  39)                 .FILL x0020
(308D) 0020  0000000000100000 (  39)                 .FILL x0020
(308E) 0020  0000000000100000 (  39)                 .FILL x0020
(308F) 0020  0000000000100000 (  39)                 .FILL x0020
(3090) 0020  0000000000100000 (  39)                 .FILL x0020
(3091) 0020  0000000000100000 (  39)                 .FILL x0020
(3092) 0043  0000000001000011 (  39)                 .FILL x0043
(3093) 0053  0000000001010011 (  39)                 .FILL x0053
(3094) 0040  0000000001000000 (  39)                 .FILL x0040
(3095) 0055  0000000001010101 (  39)                 .FILL x0055
(3096) 0053  0000000001010011 (  39)                 .FILL x0053
(3097) 0054  0000000001010100 (  39)                 .FILL x0054
(3098) 0043  0000000001000011 (  39)                 .FILL x0043
(3099) 0000  0000000000000000 (  39)                 .FILL x0000
