ISim log file
Running: C:\Users\CZK\Desktop\COD\COD LAB\Lab6_MCLK_CPU\Lab6\test_isim_beh.exe -gui -tclbatch isim.cmd -wdb C:/Users/CZK/Desktop/COD/COD LAB/Lab6_MCLK_CPU/Lab6/test_isim_beh.wdb 
ISim M.70d (signature 0x16fbe694)
----------------------------------------------------------------------
WARNING:Security:42 - Your software subscription period has lapsed. Your current version of Xilinx tools will continue to function, but you no longer qualify for Xilinx software updates or new releases.


----------------------------------------------------------------------
This is a Full version of ISim.
Time resolution is 1 ps
# onerror resume
# wave add /
# run 1000 ns
Simulator is doing circuit initialization process.
 Block Memory Generator CORE Generator module loading initial data...
 Block Memory Generator data initialization complete.
Block Memory Generator CORE Generator module test.uut.u_mem.inst.blk_mem_gen_v4_3_inst is using a behavioral model for simulation which will not precisely model memory collision behavior.
Finished circuit initialization process.
# run 1.00us
# run 1.00us
# run 1.00us
# restart
# run 1.00us
Simulator is doing circuit initialization process.
 Block Memory Generator CORE Generator module loading initial data...
 Block Memory Generator data initialization complete.
Block Memory Generator CORE Generator module test.uut.u_mem.inst.blk_mem_gen_v4_3_inst is using a behavioral model for simulation which will not precisely model memory collision behavior.
Finished circuit initialization process.
# restart
# run 0.01us
Simulator is doing circuit initialization process.
 Block Memory Generator CORE Generator module loading initial data...
 Block Memory Generator data initialization complete.
Block Memory Generator CORE Generator module test.uut.u_mem.inst.blk_mem_gen_v4_3_inst is using a behavioral model for simulation which will not precisely model memory collision behavior.
Finished circuit initialization process.
# run 0.01us
# run 0.01us
# run 0.01us
# run 1us
# run 1us
# restart
# run 1us
Simulator is doing circuit initialization process.
 Block Memory Generator CORE Generator module loading initial data...
 Block Memory Generator data initialization complete.
Block Memory Generator CORE Generator module test.uut.u_mem.inst.blk_mem_gen_v4_3_inst is using a behavioral model for simulation which will not precisely model memory collision behavior.
Finished circuit initialization process.
