(0000) 3000  0011000000000000 (   1)                 .ORIG x3000
(3000) 2C2F  0010110000101111 (   3)                 LD    R6 STACK
(3001) 2030  0010000000110000 (   6)                 LD    R0 INTADD
(3002) B02E  1011000000101110 (   7)                 STI   R0 KEYINT
(3003) A031  1010000000110001 (  10)                 LDI   R0 KBSR
(3004) 222F  0010001000101111 (  11)                 LD    R1 MASKIE
(3005) 5040  0101000001000000 (  12)                 AND   R0 R1 R0
(3006) 0A03  0000101000000011 (  13)                 BRNP  USER
(3007) A02D  1010000000101101 (  14)                 LDI   R0 KBSR
(3008) 1040  0001000001000000 (  15)                 ADD   R0 R1 R0
(3009) B02B  1011000000101011 (  16)                 STI   R0 KBSR
(300A) 56E0  0101011011100000 (  22) USER            AND   R3 R3 #0
(300B) E22E  1110001000101110 (  23) HEL             LEA   R1 HELLO
(300C) 54A0  0101010010100000 (  24)                 AND   R2 R2 #0
(300D) 6040  0110000001000000 (  27) HEL1            LDR   R0 R1 #0
(300E) F021  1111000000100001 (  28)                 TRAP  x21
(300F) 1261  0001001001100001 (  29)                 ADD   R1 R1 #1
(3010) 14A1  0001010010100001 (  30)                 ADD   R2 R2 #1
(3011) 18B4  0001100010110100 (  31)                 ADD   R4 R2 #-12
(3012) 09FA  0000100111111010 (  32)                 BRN   HEL1
(3013) 4816  0100100000010110 (  33)                 JSR   DELAY
(3014) 16E1  0001011011100001 (  34)                 ADD   R3 R3 #1
(3015) 10FB  0001000011111011 (  35)                 ADD   R0 R3 #-5
(3016) 0BF4  0000101111110100 (  36)                 BRNP  HEL
(3017) 5020  0101000000100000 (  37)                 AND   R0 R0 #0
(3018) 102A  0001000000101010 (  38)                 ADD   R0 R0 #10
(3019) F021  1111000000100001 (  39)                 TRAP  x21
(301A) E22C  1110001000101100 (  41) WOR             LEA   R1 WORLD
(301B) 54A0  0101010010100000 (  42)                 AND   R2 R2 #0
(301C) 6040  0110000001000000 (  44) WOR1            LDR   R0 R1 #0
(301D) F021  1111000000100001 (  45)                 TRAP  x21
(301E) 1261  0001001001100001 (  46)                 ADD   R1 R1 #1
(301F) 14A1  0001010010100001 (  47)                 ADD   R2 R2 #1
(3020) 18B4  0001100010110100 (  48)                 ADD   R4 R2 #-12
(3021) 09FA  0000100111111010 (  49)                 BRN   WOR1
(3022) 4807  0100100000000111 (  50)                 JSR   DELAY
(3023) 16E1  0001011011100001 (  51)                 ADD   R3 R3 #1
(3024) 10F7  0001000011110111 (  52)                 ADD   R0 R3 #-9
(3025) 0BF4  0000101111110100 (  53)                 BRNP  WOR
(3026) 5020  0101000000100000 (  54)                 AND   R0 R0 #0
(3027) 102A  0001000000101010 (  55)                 ADD   R0 R0 #10
(3028) F021  1111000000100001 (  56)                 TRAP  x21
(3029) 0FE0  0000111111100000 (  58)                 BRNZP USER
(302A) 320E  0011001000001110 (  60) DELAY           ST    R1 SAVER1
(302B) 2207  0010001000000111 (  61)                 LD    R1 COUNT
(302C) 127F  0001001001111111 (  62) REP             ADD   R1 R1 #-1
(302D) 03FE  0000001111111110 (  63)                 BRP   REP
(302E) 220A  0010001000001010 (  64)                 LD    R1 SAVER1
(302F) C1C0  1100000111000000 (  65)                 RET   
(3030) 3000  0011000000000000 (  67) STACK           .FILL x3000
(3031) 0180  0000000110000000 (  68) KEYINT          .FILL x0180
(3032) 1500  0001010100000000 (  69) INTADD          .FILL x1500
(3033) 7FFF  0111111111111111 (  70) COUNT           .FILL x7FFF
(3034) 4000  0100000000000000 (  71) MASKIE          .FILL x4000
(3035) FE00  1111111000000000 (  73) KBSR            .FILL xFE00
(3036) FE02  1111111000000010 (  74) KBDR            .FILL xFE02
(3037) FE04  1111111000000100 (  75) DSR             .FILL xFE04
(3038) FE06  1111111000000110 (  76) DDR             .FILL xFE06
(3039) 0000  0000000000000000 (  79) SAVER1          .FILL x0000
(303A) 0048  0000000001001000 (  79) HELLO           .FILL x0048
(303B) 0045  0000000001000101 (  79)                 .FILL x0045
(303C) 004C  0000000001001100 (  79)                 .FILL x004C
(303D) 004C  0000000001001100 (  79)                 .FILL x004C
(303E) 004F  0000000001001111 (  79)                 .FILL x004F
(303F) 0020  0000000000100000 (  79)                 .FILL x0020
(3040) 0020  0000000000100000 (  79)                 .FILL x0020
(3041) 0020  0000000000100000 (  79)                 .FILL x0020
(3042) 0020  0000000000100000 (  79)                 .FILL x0020
(3043) 0020  0000000000100000 (  79)                 .FILL x0020
(3044) 0020  0000000000100000 (  79)                 .FILL x0020
(3045) 0020  0000000000100000 (  79)                 .FILL x0020
(3046) 0000  0000000000000000 (  79)                 .FILL x0000
(3047) 0020  0000000000100000 (  80) WORLD           .FILL x0020
(3048) 0020  0000000000100000 (  80)                 .FILL x0020
(3049) 0020  0000000000100000 (  80)                 .FILL x0020
(304A) 0020  0000000000100000 (  80)                 .FILL x0020
(304B) 0020  0000000000100000 (  80)                 .FILL x0020
(304C) 0020  0000000000100000 (  80)                 .FILL x0020
(304D) 0020  0000000000100000 (  80)                 .FILL x0020
(304E) 0057  0000000001010111 (  80)                 .FILL x0057
(304F) 004F  0000000001001111 (  80)                 .FILL x004F
(3050) 004C  0000000001001100 (  80)                 .FILL x004C
(3051) 0052  0000000001010010 (  80)                 .FILL x0052
(3052) 0044  0000000001000100 (  80)                 .FILL x0044
(3053) 0000  0000000000000000 (  80)                 .FILL x0000
