(0000) 1500  0001010100000000 (   1)                 .ORIG x1500
(1500) 302C  0011000000101100 (   4) INT             ST    R0 SAVER0
(1501) 322C  0011001000101100 (   5)                 ST    R1 SAVER1
(1502) 342C  0011010000101100 (   6)                 ST    R2 SAVER2
(1503) 362C  0011011000101100 (   7)                 ST    R3 SAVER3
(1504) 382C  0011100000101100 (   8)                 ST    R4 SAVER4
(1505) 3A2C  0011101000101100 (   9)                 ST    R5 SAVER5
(1506) 3E2D  0011111000101101 (  10)                 ST    R7 SAVER7
(1507) 481A  0100100000011010 (  12)                 JSR   NEWLINE
(1508) A02C  1010000000101100 (  14)                 LDI   R0 KBDR
(1509) 2231  0010001000110001 (  15)                 LD    R1 M
(150A) 1040  0001000001000000 (  16)                 ADD   R0 R1 R0
(150B) 0401  0000010000000001 (  17)                 BRZ   MER
(150C) 0A03  0000101000000011 (  18)                 BRNP  HAR
(150D) 2A2B  0010101000101011 (  20) MER             LD    R5 NUM_M
(150E) E22D  1110001000101101 (  21)                 LEA   R1 MERRY
(150F) 0E02  0000111000000010 (  22)                 BRNZP PRINT
(1510) 2A29  0010101000101001 (  24) HAR             LD    R5 NUM_H
(1511) E23B  1110001000111011 (  25)                 LEA   R1 HARD
(1512) 54A0  0101010010100000 (  27) PRINT           AND   R2 R2 #0
(1513) 6040  0110000001000000 (  29) LOOP            LDR   R0 R1 #0
(1514) 480F  0100100000001111 (  30)                 JSR   OUTPUT
(1515) 1261  0001001001100001 (  32)                 ADD   R1 R1 #1
(1516) 14A1  0001010010100001 (  33)                 ADD   R2 R2 #1
(1517) 1885  0001100010000101 (  34)                 ADD   R4 R2 R5
(1518) 09FA  0000100111111010 (  35)                 BRN   LOOP
(1519) 4808  0100100000001000 (  37)                 JSR   NEWLINE
(151A) 2012  0010000000010010 (  40)                 LD    R0 SAVER0
(151B) 2212  0010001000010010 (  41)                 LD    R1 SAVER1
(151C) 2412  0010010000010010 (  42)                 LD    R2 SAVER2
(151D) 2612  0010011000010010 (  43)                 LD    R3 SAVER3
(151E) 2812  0010100000010010 (  44)                 LD    R4 SAVER4
(151F) 2A12  0010101000010010 (  45)                 LD    R5 SAVER5
(1520) 2E13  0010111000010011 (  46)                 LD    R7 SAVER7
(1521) 8000  1000000000000000 (  48)                 RTI   
(1522) 5020  0101000000100000 (  50) NEWLINE         AND   R0 R0 #0
(1523) 102A  0001000000101010 (  51)                 ADD   R0 R0 #10
(1524) 2813  0010100000010011 (  53) OUTPUT          LD    R4 MASK15
(1525) A610  1010011000010000 (  55) TEST1           LDI   R3 DSR
(1526) 5703  0101011100000011 (  56)                 AND   R3 R4 R3
(1527) 07FD  0000011111111101 (  57)                 BRZP  TEST1
(1528) B00E  1011000000001110 (  58)                 STI   R0 DDR
(1529) A60C  1010011000001100 (  59) TEST2           LDI   R3 DSR
(152A) 5703  0101011100000011 (  60)                 AND   R3 R4 R3
(152B) 07FD  0000011111111101 (  61)                 BRZP  TEST2
(152C) C1C0  1100000111000000 (  62)                 RET   
(152D) 0000  0000000000000000 (  67) SAVER0          .FILL x0000
(152E) 0000  0000000000000000 (  68) SAVER1          .FILL x0000
(152F) 0000  0000000000000000 (  69) SAVER2          .FILL x0000
(1530) 0000  0000000000000000 (  70) SAVER3          .FILL x0000
(1531) 0000  0000000000000000 (  71) SAVER4          .FILL x0000
(1532) 0000  0000000000000000 (  72) SAVER5          .FILL x0000
(1533) 0000  0000000000000000 (  73) SAVER6          .FILL x0000
(1534) 0000  0000000000000000 (  76) SAVER7          .FILL x0000
(1535) FE02  1111111000000010 (  76) KBDR            .FILL xFE02
(1536) FE04  1111111000000100 (  77) DSR             .FILL xFE04
(1537) FE06  1111111000000110 (  78) DDR             .FILL xFE06
(1538) 8000  1000000000000000 (  79) MASK15          .FILL x8000
(1539) FFF0  1111111111110000 (  81) NUM_M           .FILL xFFF0
(153A) FFF7  1111111111110111 (  82) NUM_H           .FILL xFFF7
(153B) FFB3  1111111110110011 (  83) M               .FILL xFFB3
(153C) 004D  0000000001001101 (  84) MERRY           .FILL x004D
(153D) 0045  0000000001000101 (  84)                 .FILL x0045
(153E) 0052  0000000001010010 (  84)                 .FILL x0052
(153F) 0052  0000000001010010 (  84)                 .FILL x0052
(1540) 0059  0000000001011001 (  84)                 .FILL x0059
(1541) 0020  0000000000100000 (  84)                 .FILL x0020
(1542) 0043  0000000001000011 (  84)                 .FILL x0043
(1543) 0048  0000000001001000 (  84)                 .FILL x0048
(1544) 0052  0000000001010010 (  84)                 .FILL x0052
(1545) 0049  0000000001001001 (  84)                 .FILL x0049
(1546) 0053  0000000001010011 (  84)                 .FILL x0053
(1547) 0054  0000000001010100 (  84)                 .FILL x0054
(1548) 004D  0000000001001101 (  84)                 .FILL x004D
(1549) 0041  0000000001000001 (  84)                 .FILL x0041
(154A) 0053  0000000001010011 (  84)                 .FILL x0053
(154B) 0021  0000000000100001 (  84)                 .FILL x0021
(154C) 0000  0000000000000000 (  84)                 .FILL x0000
(154D) 0048  0000000001001000 (  85) HARD            .FILL x0048
(154E) 0041  0000000001000001 (  85)                 .FILL x0041
(154F) 0052  0000000001010010 (  85)                 .FILL x0052
(1550) 0044  0000000001000100 (  85)                 .FILL x0044
(1551) 0020  0000000000100000 (  85)                 .FILL x0020
(1552) 0057  0000000001010111 (  85)                 .FILL x0057
(1553) 004F  0000000001001111 (  85)                 .FILL x004F
(1554) 0052  0000000001010010 (  85)                 .FILL x0052
(1555) 004B  0000000001001011 (  85)                 .FILL x004B
(1556) 0000  0000000000000000 (  85)                 .FILL x0000
