(0000) 3000  0011000000000000 (   1)                 .ORIG x3000
(3000) E038  1110000000111000 (   2) INITIAL         LEA   R0 PROMPT
(3001) F022  1111000000100010 (   3)                 TRAP  x22
(3002) EC24  1110110000100100 (   4)                 LEA   R6 NAME
(3003) 2234  0010001000110100 (   5)                 LD    R1 NEWLINE
(3004) F020  1111000000100000 (   7) INPUT           TRAP  x20
(3005) F021  1111000000100001 (   8)                 TRAP  x21
(3006) 1401  0001010000000001 (   9)                 ADD   R2 R0 R1
(3007) 0403  0000010000000011 (  10)                 BRZ   SEARCH
(3008) 7180  0111000110000000 (  11)                 STR   R0 R6 #0
(3009) 1DA1  0001110110100001 (  12)                 ADD   R6 R6 #1
(300A) 0FF9  0000111111111001 (  13)                 BRNZP INPUT
(300B) 2A2B  0010101000101011 (  15) SEARCH          LD    R5 FIRST_NODE
(300C) EC1A  1110110000011010 (  16)                 LEA   R6 NAME
(300D) 6B40  0110101101000000 (  17) AGAIN           LDR   R5 R5 #0
(300E) 0411  0000010000010001 (  18)                 BRZ   NOTFOUND
(300F) 1961  0001100101100001 (  19)                 ADD   R4 R5 #1
(3010) 6900  0110100100000000 (  20)                 LDR   R4 R4 #0
(3011) 6580  0110010110000000 (  21) COMP            LDR   R2 R6 #0
(3012) 0408  0000010000001000 (  22)                 BRZ   NULL_R2
(3013) 6700  0110011100000000 (  23)                 LDR   R3 R4 #0
(3014) 96FF  1001011011111111 (  24)                 NOT   R3 R3
(3015) 16E1  0001011011100001 (  25)                 ADD   R3 R3 #1
(3016) 1483  0001010010000011 (  26)                 ADD   R2 R2 R3
(3017) 0A06  0000101000000110 (  27)                 BRNP  NEXT
(3018) 1DA1  0001110110100001 (  28)                 ADD   R6 R6 #1
(3019) 1921  0001100100100001 (  29)                 ADD   R4 R4 #1
(301A) 0FF6  0000111111110110 (  30)                 BRNZP COMP
(301B) 6700  0110011100000000 (  31) NULL_R2         LDR   R3 R4 #0
(301C) 0406  0000010000000110 (  32)                 BRZ   FOUND
(301D) 0E00  0000111000000000 (  33)                 BRNZP NEXT
(301E) EC08  1110110000001000 (  34) NEXT            LEA   R6 NAME
(301F) 0FED  0000111111101101 (  35)                 BRNZP AGAIN
(3020) E03A  1110000000111010 (  37) NOTFOUND        LEA   R0 NOENTRY
(3021) F022  1111000000100010 (  38)                 TRAP  x22
(3022) F025  1111000000100101 (  39)                 TRAP  x25
(3023) 1162  0001000101100010 (  41) FOUND           ADD   R0 R5 #2
(3024) 6000  0110000000000000 (  42)                 LDR   R0 R0 #0
(3025) F022  1111000000100010 (  43)                 TRAP  x22
(3026) F025  1111000000100101 (  44)                 TRAP  x25
(3027) 0000  0000000000000000 (  48) NAME            .FILL x0000
(3028) 0000  0000000000000000 (  48)                 .FILL x0000
(3029) 0000  0000000000000000 (  48)                 .FILL x0000
(302A) 0000  0000000000000000 (  48)                 .FILL x0000
(302B) 0000  0000000000000000 (  48)                 .FILL x0000
(302C) 0000  0000000000000000 (  48)                 .FILL x0000
(302D) 0000  0000000000000000 (  48)                 .FILL x0000
(302E) 0000  0000000000000000 (  48)                 .FILL x0000
(302F) 0000  0000000000000000 (  48)                 .FILL x0000
(3030) 0000  0000000000000000 (  48)                 .FILL x0000
(3031) 0000  0000000000000000 (  48)                 .FILL x0000
(3032) 0000  0000000000000000 (  48)                 .FILL x0000
(3033) 0000  0000000000000000 (  48)                 .FILL x0000
(3034) 0000  0000000000000000 (  48)                 .FILL x0000
(3035) 0000  0000000000000000 (  48)                 .FILL x0000
(3036) 0000  0000000000000000 (  48)                 .FILL x0000
(3037) 3300  0011001100000000 (  48) FIRST_NODE      .FILL x3300
(3038) FFF6  1111111111110110 (  49) NEWLINE         .FILL xFFF6
(3039) 0054  0000000001010100 (  50) PROMPT          .FILL x0054
(303A) 0079  0000000001111001 (  50)                 .FILL x0079
(303B) 0070  0000000001110000 (  50)                 .FILL x0070
(303C) 0065  0000000001100101 (  50)                 .FILL x0065
(303D) 0020  0000000000100000 (  50)                 .FILL x0020
(303E) 0061  0000000001100001 (  50)                 .FILL x0061
(303F) 0020  0000000000100000 (  50)                 .FILL x0020
(3040) 006C  0000000001101100 (  50)                 .FILL x006C
(3041) 0061  0000000001100001 (  50)                 .FILL x0061
(3042) 0073  0000000001110011 (  50)                 .FILL x0073
(3043) 0074  0000000001110100 (  50)                 .FILL x0074
(3044) 0020  0000000000100000 (  50)                 .FILL x0020
(3045) 006E  0000000001101110 (  50)                 .FILL x006E
(3046) 0061  0000000001100001 (  50)                 .FILL x0061
(3047) 006D  0000000001101101 (  50)                 .FILL x006D
(3048) 0065  0000000001100101 (  50)                 .FILL x0065
(3049) 0020  0000000000100000 (  50)                 .FILL x0020
(304A) 0061  0000000001100001 (  50)                 .FILL x0061
(304B) 006E  0000000001101110 (  50)                 .FILL x006E
(304C) 0064  0000000001100100 (  50)                 .FILL x0064
(304D) 0020  0000000000100000 (  50)                 .FILL x0020
(304E) 0070  0000000001110000 (  50)                 .FILL x0070
(304F) 0072  0000000001110010 (  50)                 .FILL x0072
(3050) 0065  0000000001100101 (  50)                 .FILL x0065
(3051) 0073  0000000001110011 (  50)                 .FILL x0073
(3052) 0073  0000000001110011 (  50)                 .FILL x0073
(3053) 0020  0000000000100000 (  50)                 .FILL x0020
(3054) 0045  0000000001000101 (  50)                 .FILL x0045
(3055) 006E  0000000001101110 (  50)                 .FILL x006E
(3056) 0074  0000000001110100 (  50)                 .FILL x0074
(3057) 0065  0000000001100101 (  50)                 .FILL x0065
(3058) 0072  0000000001110010 (  50)                 .FILL x0072
(3059) 003A  0000000000111010 (  50)                 .FILL x003A
(305A) 0000  0000000000000000 (  50)                 .FILL x0000
(305B) 004E  0000000001001110 (  51) NOENTRY         .FILL x004E
(305C) 006F  0000000001101111 (  51)                 .FILL x006F
(305D) 0020  0000000000100000 (  51)                 .FILL x0020
(305E) 0045  0000000001000101 (  51)                 .FILL x0045
(305F) 006E  0000000001101110 (  51)                 .FILL x006E
(3060) 0074  0000000001110100 (  51)                 .FILL x0074
(3061) 0072  0000000001110010 (  51)                 .FILL x0072
(3062) 0079  0000000001111001 (  51)                 .FILL x0079
(3063) 0000  0000000000000000 (  51)                 .FILL x0000
