(0000) 3000  0011000000000000 (   2)                 .ORIG x3000
(3000) 5020  0101000000100000 (   4)                 AND   R0 R0 #0
(3001) 1021  0001000000100001 (   5) LOOP1           ADD   R0 R0 #1
(3002) 2E99  0010111010011001 (   6)                 LD    R7 COUNT59
(3003) 1FC0  0001111111000000 (   7)                 ADD   R7 R7 R0
(3004) 0216  0000001000010110 (   8) COND1           BRP   SAVE1
(3005) 2A8A  0010101010001010 (   9)                 LD    R5 START
(3006) 1B40  0001101101000000 (  10)                 ADD   R5 R5 R0
(3007) 1D7F  0001110101111111 (  11)                 ADD   R6 R5 #-1
(3008) 5220  0101001000100000 (  12)                 AND   R1 R0 #0
(3009) 1261  0001001001100001 (  14) LOOP2           ADD   R1 R1 #1
(300A) 2E90  0010111010010000 (  15)                 LD    R7 COUNT60
(300B) 1FC1  0001111111000001 (  16)                 ADD   R7 R7 R1
(300C) 03F4  0000001111110100 (  17) COND2           BRP   LOOP1
(300D) 6580  0110010110000000 (  18)                 LDR   R2 R6 #0
(300E) 1DA1  0001110110100001 (  19)                 ADD   R6 R6 #1
(300F) 6780  0110011110000000 (  20)                 LDR   R3 R6 #0
(3010) 98FF  1001100011111111 (  21)                 NOT   R4 R3
(3011) 1921  0001100100100001 (  22)                 ADD   R4 R4 #1
(3012) 1902  0001100100000010 (  23)                 ADD   R4 R4 R2
(3013) 0801  0000100000000001 (  24) COND3           BRN   SWAP
(3014) 0FF4  0000111111110100 (  25)                 BRNZP LOOP2
(3015) 7580  0111010110000000 (  27) SWAP            STR   R2 R6 #0
(3016) 77BF  0111011110111111 (  28)                 STR   R3 R6 #-1
(3017) 1EA0  0001111010100000 (  29)                 ADD   R7 R2 #0
(3018) 14E0  0001010011100000 (  30)                 ADD   R2 R3 #0
(3019) 1660  0001011001100000 (  31)                 ADD   R3 R1 #0
(301A) 0FEE  0000111111101110 (  32)                 BRNZP LOOP2
(301B) 5020  0101000000100000 (  34) SAVE1           AND   R0 R0 #0
(301C) 1021  0001000000100001 (  35) LOOP13          ADD   R0 R0 #1
(301D) 2E7E  0010111001111110 (  36)                 LD    R7 COUNT59
(301E) 1FC0  0001111111000000 (  37)                 ADD   R7 R7 R0
(301F) 0210  0000001000010000 (  38) COND13          BRP   SAVE
(3020) 2A6F  0010101001101111 (  39)                 LD    R5 START
(3021) 1B40  0001101101000000 (  40)                 ADD   R5 R5 R0
(3022) 1D7F  0001110101111111 (  41)                 ADD   R6 R5 #-1
(3023) 5220  0101001000100000 (  42)                 AND   R1 R0 #0
(3024) 1261  0001001001100001 (  44) LOOP23          ADD   R1 R1 #1
(3025) 2E75  0010111001110101 (  45)                 LD    R7 COUNT60
(3026) 1FC1  0001111111000001 (  46)                 ADD   R7 R7 R1
(3027) 03F4  0000001111110100 (  47) COND23          BRP   LOOP13
(3028) 6580  0110010110000000 (  48)                 LDR   R2 R6 #0
(3029) 1DA1  0001110110100001 (  49)                 ADD   R6 R6 #1
(302A) 6780  0110011110000000 (  50)                 LDR   R3 R6 #0
(302B) 98FF  1001100011111111 (  51)                 NOT   R4 R3
(302C) 1921  0001100100100001 (  52)                 ADD   R4 R4 #1
(302D) 1902  0001100100000010 (  53)                 ADD   R4 R4 R2
(302E) 09E6  0000100111100110 (  54) COND33          BRN   SWAP
(302F) 0FF4  0000111111110100 (  55)                 BRNZP LOOP23
(3030) 225F  0010001001011111 (  57) SAVE            LD    R1 START
(3031) 245F  0010010001011111 (  58)                 LD    R2 STORE
(3032) 6040  0110000001000000 (  59) LOOP3           LDR   R0 R1 #0
(3033) 0C04  0000110000000100 (  60)                 BRNZ  STATISTICA
(3034) 7080  0111000010000000 (  61)                 STR   R0 R2 #0
(3035) 1261  0001001001100001 (  62)                 ADD   R1 R1 #1
(3036) 14A1  0001010010100001 (  63)                 ADD   R2 R2 #1
(3037) 0FFA  0000111111111010 (  64)                 BRNZP LOOP3
(3038) 2458  0010010001011000 (  66) STATISTICA      LD    R2 STORE
(3039) 2658  0010011001011000 (  67)                 LD    R3 A
(303A) 285A  0010100001011010 (  68)                 LD    R4 AP
(303B) 5261  0101001001100001 (  69)                 AND   R1 R1 #1
(303C) 6080  0110000010000000 (  70) LOOP4           LDR   R0 R2 #0
(303D) 1003  0001000000000011 (  71)                 ADD   R0 R0 R3
(303E) 0805  0000100000000101 (  72)                 BRN   LOOP5
(303F) 1261  0001001001100001 (  73)                 ADD   R1 R1 #1
(3040) 1A44  0001101001000100 (  74)                 ADD   R5 R1 R4
(3041) 0207  0000001000000111 (  75)                 BRP   LOOP6
(3042) 14A1  0001010010100001 (  76)                 ADD   R2 R2 #1
(3043) 0FF8  0000111111111000 (  77)                 BRNZP LOOP4
(3044) 2452  0010010001010010 (  78) LOOP5           LD    R2 RANKA
(3045) 1060  0001000001100000 (  79)                 ADD   R0 R1 #0
(3046) 09FD  0000100111111101 (  80)                 BRN   LOOP5
(3047) 7280  0111001010000000 (  81)                 STR   R1 R2 #0
(3048) 0E03  0000111000000011 (  82)                 BRNZP STATISTICB
(3049) 244D  0010010001001101 (  83) LOOP6           LD    R2 RANKA
(304A) 127F  0001001001111111 (  84)                 ADD   R1 R1 #-1
(304B) 7280  0111001010000000 (  85)                 STR   R1 R2 #0
(304C) 9E7F  1001111001111111 (  87) STATISTICB      NOT   R7 R1
(304D) 1FE1  0001111111100001 (  88)                 ADD   R7 R7 #1
(304E) 2442  0010010001000010 (  89)                 LD    R2 STORE
(304F) 2643  0010011001000011 (  90)                 LD    R3 B
(3050) 2845  0010100001000101 (  91)                 LD    R4 BP
(3051) 5261  0101001001100001 (  92)                 AND   R1 R1 #1
(3052) 6080  0110000010000000 (  93) LOOP7           LDR   R0 R2 #0
(3053) 1003  0001000000000011 (  94)                 ADD   R0 R0 R3
(3054) 0805  0000100000000101 (  95)                 BRN   LOOP8
(3055) 1261  0001001001100001 (  96)                 ADD   R1 R1 #1
(3056) 1A44  0001101001000100 (  97)                 ADD   R5 R1 R4
(3057) 0208  0000001000001000 (  98)                 BRP   LOOP9
(3058) 14A1  0001010010100001 (  99)                 ADD   R2 R2 #1
(3059) 0FF8  0000111111111000 ( 100)                 BRNZP LOOP7
(305A) 243D  0010010000111101 ( 101) LOOP8           LD    R2 RANKB
(305B) 1060  0001000001100000 ( 102)                 ADD   R0 R1 #0
(305C) 09FD  0000100111111101 ( 103)                 BRN   LOOP8
(305D) 1247  0001001001000111 ( 104)                 ADD   R1 R1 R7
(305E) 7280  0111001010000000 ( 105)                 STR   R1 R2 #0
(305F) 0E04  0000111000000100 ( 106)                 BRNZP STATISTICD
(3060) 2437  0010010000110111 ( 107) LOOP9           LD    R2 RANKB
(3061) 127F  0001001001111111 ( 108)                 ADD   R1 R1 #-1
(3062) 1247  0001001001000111 ( 109)                 ADD   R1 R1 R7
(3063) 7280  0111001010000000 ( 110)                 STR   R1 R2 #0
(3064) 9C7F  1001110001111111 ( 112) STATISTICD      NOT   R6 R1
(3065) 1DA1  0001110110100001 ( 113)                 ADD   R6 R6 #1
(3066) 242A  0010010000101010 ( 114)                 LD    R2 STORE
(3067) 2829  0010100000101001 ( 115)                 LD    R4 STORE
(3068) 993F  1001100100111111 ( 116)                 NOT   R4 R4
(3069) 1921  0001100100100001 ( 117)                 ADD   R4 R4 #1
(306A) 2629  0010011000101001 ( 118)                 LD    R3 D
(306B) 5261  0101001001100001 ( 119)                 AND   R1 R1 #1
(306C) 6080  0110000010000000 ( 120) LOOP10          LDR   R0 R2 #0
(306D) 14A1  0001010010100001 ( 121)                 ADD   R2 R2 #1
(306E) 1003  0001000000000011 ( 122)                 ADD   R0 R0 R3
(306F) 03FC  0000001111111100 ( 123)                 BRP   LOOP10
(3070) 1A84  0001101010000100 ( 124)                 ADD   R5 R2 R4
(3071) 1B43  0001101101000011 ( 125)                 ADD   R5 R5 R3
(3072) 1B7E  0001101101111110 ( 126)                 ADD   R5 R5 #-2
(3073) 0611  0000011000010001 ( 127)                 BRZP  LOOP11
(3074) 1A84  0001101010000100 ( 128)                 ADD   R5 R2 R4
(3075) 1B7F  0001101101111111 ( 129)                 ADD   R5 R5 #-1
(3076) 2824  0010100000100100 ( 130)                 LD    R4 COUNT60
(3077) 1B44  0001101101000100 ( 131)                 ADD   R5 R5 R4
(3078) 9B7F  1001101101111111 ( 132)                 NOT   R5 R5
(3079) 1B61  0001101101100001 ( 133)                 ADD   R5 R5 #1
(307A) 281F  0010100000011111 ( 134)                 LD    R4 RANKD
(307B) 7B00  0111101100000000 ( 135)                 STR   R5 R4 #0
(307C) 281C  0010100000011100 ( 138)                 LD    R4 RANKC
(307D) 261D  0010011000011101 ( 139)                 LD    R3 COUNT60
(307E) 96FF  1001011011111111 ( 140)                 NOT   R3 R3
(307F) 16E1  0001011011100001 ( 141)                 ADD   R3 R3 #1
(3080) 1743  0001011101000011 ( 142)                 ADD   R3 R5 R3
(3081) 1783  0001011110000011 ( 143)                 ADD   R3 R6 R3
(3082) 17C3  0001011111000011 ( 144)                 ADD   R3 R7 R3
(3083) 7700  0111011100000000 ( 145)                 STR   R3 R4 #0
(3084) F025  1111000000100101 ( 146)                 TRAP  x25
(3085) 2A15  0010101000010101 ( 148) LOOP11          LD    R5 COUNT60
(3086) 9B7F  1001101101111111 ( 149)                 NOT   R5 R5
(3087) 1B61  0001101101100001 ( 150)                 ADD   R5 R5 #1
(3088) 1B46  0001101101000110 ( 151)                 ADD   R5 R5 R6
(3089) 1B47  0001101101000111 ( 152)                 ADD   R5 R5 R7
(308A) 280E  0010100000001110 ( 153)                 LD    R4 RANKC
(308B) 7B00  0111101100000000 ( 154)                 STR   R5 R4 #0
(308C) 5B20  0101101100100000 ( 155)                 AND   R5 R4 #0
(308D) 1921  0001100100100001 ( 156)                 ADD   R4 R4 #1
(308E) 7B00  0111101100000000 ( 157)                 STR   R5 R4 #0
(308F) F025  1111000000100101 ( 158)                 TRAP  x25
(3090) 3200  0011001000000000 ( 161) START           .FILL x3200
(3091) 4000  0100000000000000 ( 162) STORE           .FILL x4000
(3092) FFAB  1111111110101011 ( 164) A               .FILL xFFAB
(3093) FFB5  1111111110110101 ( 165) B               .FILL xFFB5
(3094) FFC5  1111111111000101 ( 166) D               .FILL xFFC5
(3095) FFEE  1111111111101110 ( 168) AP              .FILL xFFEE
(3096) FFE2  1111111111100010 ( 169) BP              .FILL xFFE2
(3097) 4100  0100000100000000 ( 171) RANKA           .FILL x4100
(3098) 4101  0100000100000001 ( 172) RANKB           .FILL x4101
(3099) 4102  0100000100000010 ( 173) RANKC           .FILL x4102
(309A) 4103  0100000100000011 ( 174) RANKD           .FILL x4103
(309B) FFC4  1111111111000100 ( 176) COUNT60         .FILL xFFC4
(309C) FFC5  1111111111000101 ( 177) COUNT59         .FILL xFFC5
